# JRE version: Java(TM) SE Runtime Environment (21.0.8+12) (build 21.0.8+12-LTS-250)
# Java VM: Java HotSpot(TM) 64-Bit Server VM (21.0.8+12-LTS-250, mixed mode, sharing, tiered, compressed oops, compressed class ptrs, g1 gc, windows-amd64)
GC Precious Log:
 CardTable entry size: 512
 Card Set container configuration: InlinePtr #cards 4 size 8 Array Of Cards #cards 16 size 48 Howl #buckets 8 coarsen threshold 3686 Howl Bitmap #cards 512 size 80 coarsen threshold 460 Card regions per heap region 1 cards per card region 4096
 CPUs: 20 total, 20 available
 Memory: 16147M
 Large Page Support: Disabled
 NUMA Support: Disabled
 Compressed Oops: Enabled (Zero based)
 Heap Region Size: 2M
 Heap Min Capacity: 8M
 Heap Initial Capacity: 254M
 Heap Max Capacity: 4038M
 Pre-touch: Disabled
 Parallel Workers: 15
 Concurrent Workers: 4
 Concurrent Refinement Workers: 15
 Periodic GC: Disabled
Heap:
 garbage-first heap   total 96256K, used 55269K [0x0000000703a00000, 0x0000000800000000)
  region size 2048K, 15 young (30720K), 2 survivors (4096K)
 Metaspace       used 63614K, committed 64384K, reserved 1114112K
  class space    used 7900K, committed 8256K, reserved 1048576K
GC Heap History (20 events):
Event: 761.399 GC heap before
{Heap before GC invocations=19 (full 0):
 garbage-first heap   total 79872K, used 70786K [0x0000000703a00000, 0x0000000800000000)
  region size 2048K, 20 young (40960K), 1 survivors (2048K)
 Metaspace       used 63003K, committed 63744K, reserved 1114112K
  class space    used 7899K, committed 8256K, reserved 1048576K
}
Event: 761.401 GC heap after
{Heap after GC invocations=20 (full 0):
 garbage-first heap   total 79872K, used 31840K [0x0000000703a00000, 0x0000000800000000)
  region size 2048K, 1 young (2048K), 1 survivors (2048K)
 Metaspace       used 63003K, committed 63744K, reserved 1114112K
  class space    used 7899K, committed 8256K, reserved 1048576K
}
Event: 936.032 GC heap before
{Heap before GC invocations=20 (full 0):
 garbage-first heap   total 79872K, used 70752K [0x0000000703a00000, 0x0000000800000000)
  region size 2048K, 20 young (40960K), 1 survivors (2048K)
 Metaspace       used 63011K, committed 63744K, reserved 1114112K
  class space    used 7899K, committed 8256K, reserved 1048576K
}
Event: 936.034 GC heap after
{Heap after GC invocations=21 (full 0):
 garbage-first heap   total 79872K, used 31376K [0x0000000703a00000, 0x0000000800000000)
  region size 2048K, 1 young (2048K), 1 survivors (2048K)
 Metaspace       used 63011K, committed 63744K, reserved 1114112K
  class space    used 7899K, committed 8256K, reserved 1048576K
}
Event: 1112.228 GC heap before
{Heap before GC invocations=21 (full 0):
 garbage-first heap   total 79872K, used 70288K [0x0000000703a00000, 0x0000000800000000)
  region size 2048K, 20 young (40960K), 1 survivors (2048K)
 Metaspace       used 63016K, committed 63744K, reserved 1114112K
  class space    used 7899K, committed 8256K, reserved 1048576K
}
Event: 1112.231 GC heap after
{Heap after GC invocations=22 (full 0):
 garbage-first heap   total 79872K, used 31389K [0x0000000703a00000, 0x0000000800000000)
  region size 2048K, 1 young (2048K), 1 survivors (2048K)
 Metaspace       used 63016K, committed 63744K, reserved 1114112K
  class space    used 7899K, committed 8256K, reserved 1048576K
}
Event: 1283.939 GC heap before
{Heap before GC invocations=23 (full 0):
 garbage-first heap   total 79872K, used 70301K [0x0000000703a00000, 0x0000000800000000)
  region size 2048K, 20 young (40960K), 1 survivors (2048K)
 Metaspace       used 63026K, committed 63808K, reserved 1114112K
  class space    used 7899K, committed 8256K, reserved 1048576K
}
Event: 1283.941 GC heap after
{Heap after GC invocations=24 (full 0):
 garbage-first heap   total 96256K, used 31398K [0x0000000703a00000, 0x0000000800000000)
  region size 2048K, 1 young (2048K), 1 survivors (2048K)
 Metaspace       used 63026K, committed 63808K, reserved 1114112K
  class space    used 7899K, committed 8256K, reserved 1048576K
}
Event: 1530.550 GC heap before
{Heap before GC invocations=24 (full 0):
 garbage-first heap   total 96256K, used 86694K [0x0000000703a00000, 0x0000000800000000)
  region size 2048K, 28 young (57344K), 1 survivors (2048K)
 Metaspace       used 63051K, committed 63872K, reserved 1114112K
  class space    used 7899K, committed 8256K, reserved 1048576K
}
Event: 1530.554 GC heap after
{Heap after GC invocations=25 (full 0):
 garbage-first heap   total 96256K, used 31029K [0x0000000703a00000, 0x0000000800000000)
  region size 2048K, 1 young (2048K), 1 survivors (2048K)
 Metaspace       used 63051K, committed 63872K, reserved 1114112K
  class space    used 7899K, committed 8256K, reserved 1048576K
}
Event: 1758.825 GC heap before
{Heap before GC invocations=25 (full 0):
 garbage-first heap   total 96256K, used 84277K [0x0000000703a00000, 0x0000000800000000)
  region size 2048K, 28 young (57344K), 1 survivors (2048K)
 Metaspace       used 63173K, committed 63936K, reserved 1114112K
  class space    used 7899K, committed 8256K, reserved 1048576K
}
Event: 1758.827 GC heap after
{Heap after GC invocations=26 (full 0):
 garbage-first heap   total 96256K, used 31470K [0x0000000703a00000, 0x0000000800000000)
  region size 2048K, 1 young (2048K), 1 survivors (2048K)
 Metaspace       used 63173K, committed 63936K, reserved 1114112K
  class space    used 7899K, committed 8256K, reserved 1048576K
}
Event: 1994.236 GC heap before
{Heap before GC invocations=27 (full 0):
 garbage-first heap   total 96256K, used 86766K [0x0000000703a00000, 0x0000000800000000)
  region size 2048K, 28 young (57344K), 1 survivors (2048K)
 Metaspace       used 63215K, committed 64000K, reserved 1114112K
  class space    used 7899K, committed 8256K, reserved 1048576K
}
Event: 1994.239 GC heap after
{Heap after GC invocations=28 (full 0):
 garbage-first heap   total 96256K, used 31568K [0x0000000703a00000, 0x0000000800000000)
  region size 2048K, 2 young (4096K), 2 survivors (4096K)
 Metaspace       used 63215K, committed 64000K, reserved 1114112K
  class space    used 7899K, committed 8256K, reserved 1048576K
}
Event: 2188.728 GC heap before
{Heap before GC invocations=28 (full 0):
 garbage-first heap   total 96256K, used 82768K [0x0000000703a00000, 0x0000000800000000)
  region size 2048K, 27 young (55296K), 2 survivors (4096K)
 Metaspace       used 63413K, committed 64192K, reserved 1114112K
  class space    used 7900K, committed 8256K, reserved 1048576K
}
Event: 2188.731 GC heap after
{Heap after GC invocations=29 (full 0):
 garbage-first heap   total 96256K, used 30722K [0x0000000703a00000, 0x0000000800000000)
  region size 2048K, 2 young (4096K), 2 survivors (4096K)
 Metaspace       used 63413K, committed 64192K, reserved 1114112K
  class space    used 7900K, committed 8256K, reserved 1048576K
}
Event: 2417.798 GC heap before
{Heap before GC invocations=29 (full 0):
 garbage-first heap   total 96256K, used 83970K [0x0000000703a00000, 0x0000000800000000)
  region size 2048K, 28 young (57344K), 2 survivors (4096K)
 Metaspace       used 63467K, committed 64256K, reserved 1114112K
  class space    used 7900K, committed 8256K, reserved 1048576K
}
Event: 2417.800 GC heap after
{Heap after GC invocations=30 (full 0):
 garbage-first heap   total 96256K, used 30721K [0x0000000703a00000, 0x0000000800000000)
  region size 2048K, 2 young (4096K), 2 survivors (4096K)
 Metaspace       used 63467K, committed 64256K, reserved 1114112K
  class space    used 7900K, committed 8256K, reserved 1048576K
}
Event: 2660.433 GC heap before
{Heap before GC invocations=31 (full 0):
 garbage-first heap   total 96256K, used 83969K [0x0000000703a00000, 0x0000000800000000)
  region size 2048K, 28 young (57344K), 2 survivors (4096K)
 Metaspace       used 63507K, committed 64320K, reserved 1114112K
  class space    used 7900K, committed 8256K, reserved 1048576K
}
Event: 2660.436 GC heap after
{Heap after GC invocations=32 (full 0):
 garbage-first heap   total 96256K, used 30693K [0x0000000703a00000, 0x0000000800000000)
  region size 2048K, 2 young (4096K), 2 survivors (4096K)
 Metaspace       used 63507K, committed 64320K, reserved 1114112K
  class space    used 7900K, committed 8256K, reserved 1048576K
}

